19:56:42: Client connected fake_ip:fake_port in MainThread
19:56:42: MainThread start read socket
19:56:42: MainThread catch b'fake request'
19:56:42: MainThread try handle the b'fake request'
19:56:42: URLs processed: 1
19:56:42: Client connected fake_ip:fake_port in MainThread
19:56:42: MainThread start read socket
19:56:42: MainThread catch b'fake request'
19:56:42: MainThread try handle the b'fake request'
19:56:42: URLs processed: 1
19:56:42: Client connected fake_ip:fake_port in MainThread
19:56:42: Thread-1 starts
19:56:42: Thread-2 starts
19:56:42: Thread-3 starts
19:56:42: MainThread start read socket
19:56:42: MainThread catch <generator object TestServer.test_num_of_processed_urls.<locals>.fake_recv at 0x10a87e880>
19:56:42: Thread-2 try handle the b'0'
19:56:42: URLs processed: 1
19:56:42: Thread-2 try handle the b'3'
19:56:42: URLs processed: 2
19:56:42: Thread-2 try handle the b'4'
19:56:42: URLs processed: 3
19:56:42: Thread-2 try handle the b'5'
19:56:42: URLs processed: 4
19:56:42: Thread-2 try handle the b'6'
19:56:42: URLs processed: 5
19:56:42: Thread-2 try handle the b'7'
19:56:42: URLs processed: 6
19:56:42: Thread-2 try handle the b'8'
19:56:42: URLs processed: 7
19:56:42: Thread-1 try handle the b'2'
19:56:42: URLs processed: 8
19:56:42: Thread-3 try handle the b'1'
19:56:42: URLs processed: 9
19:56:42: Thread-2 try handle the b'9'
19:56:42: URLs processed: 10
19:56:42: Thread-1 try handle the b'10'
19:56:42: URLs processed: 11
19:56:42: Thread-3 try handle the b'11'
19:56:42: URLs processed: 12
19:56:42: Thread-2 try handle the b'12'
19:56:42: URLs processed: 13
19:56:42: Thread-1 try handle the b'13'
19:56:42: URLs processed: 14
19:56:42: Thread-3 try handle the b'14'
19:56:42: URLs processed: 15
19:56:42: Thread-2 try handle the b'15'
19:56:42: URLs processed: 16
19:56:42: Thread-1 try handle the b'16'
19:56:42: URLs processed: 17
19:56:42: Thread-1 try handle the b'19'
19:56:42: URLs processed: 18
19:56:42: Thread-1 try handle the b'20'
19:56:42: URLs processed: 19
19:56:42: Thread-3 try handle the b'17'
19:56:42: URLs processed: 20
19:56:42: Thread-2 try handle the b'18'
19:56:42: URLs processed: 21
19:56:42: Thread-1 try handle the b'21'
19:56:42: URLs processed: 22
19:56:42: Thread-1 try handle the b'24'
19:56:42: URLs processed: 23
19:56:42: Thread-2 try handle the b'23'
19:56:42: URLs processed: 24
19:56:42: Thread-3 try handle the b'22'
19:56:42: URLs processed: 25
19:56:42: Thread-1 try handle the b'25'
19:56:42: URLs processed: 26
19:56:42: Thread-2 try handle the b'26'
19:56:42: URLs processed: 27
19:56:42: Thread-3 try handle the b'27'
19:56:42: URLs processed: 28
19:56:42: Thread-1 try handle the b'28'
19:56:42: URLs processed: 29
19:56:42: Thread-2 try handle the b'29'
19:56:42: URLs processed: 30
19:56:42: Thread-2 try handle the b'32'
19:56:42: URLs processed: 31
19:56:42: Thread-1 try handle the b'31'
19:56:42: URLs processed: 32
19:56:42: Thread-3 try handle the b'30'
19:56:42: URLs processed: 33
19:56:42: Thread-2 try handle the b'33'
19:56:42: URLs processed: 34
19:56:42: Thread-1 try handle the b'34'
19:56:42: URLs processed: 35
19:56:42: Thread-3 try handle the b'35'
19:56:42: URLs processed: 36
19:56:42: Thread-2 try handle the b'36'
19:56:42: URLs processed: 37
19:56:42: Thread-1 try handle the b'37'
19:56:42: URLs processed: 38
19:56:42: Thread-3 try handle the b'38'
19:56:42: URLs processed: 39
19:56:42: Thread-2 try handle the b'39'
19:56:42: URLs processed: 40
19:56:42: Thread-1 try handle the b'40'
19:56:42: URLs processed: 41
19:56:42: Thread-3 try handle the b'41'
19:56:42: URLs processed: 42
19:56:42: Thread-2 try handle the b'42'
19:56:42: URLs processed: 43
19:56:42: Thread-1 try handle the b'43'
19:56:42: URLs processed: 44
19:56:42: Thread-3 try handle the b'44'
19:56:42: URLs processed: 45
19:56:42: Thread-2 try handle the b'45'
19:56:42: URLs processed: 46
19:56:42: Thread-1 try handle the b'46'
19:56:42: URLs processed: 47
19:56:42: Thread-3 try handle the b'47'
19:56:42: URLs processed: 48
19:56:42: Thread-2 try handle the b'48'
19:56:42: URLs processed: 49
19:56:42: Thread-1 try handle the b'49'
19:56:42: URLs processed: 50
19:56:42: Thread-3 try handle the b'50'
19:56:42: URLs processed: 51
19:56:42: Thread-2 try handle the b'51'
19:56:42: URLs processed: 52
19:56:42: Thread-1 try handle the b'52'
19:56:42: URLs processed: 53
19:56:42: Thread-3 try handle the b'53'
19:56:42: URLs processed: 54
19:56:42: Thread-2 try handle the b'54'
19:56:42: URLs processed: 55
19:56:42: Thread-1 try handle the b'55'
19:56:42: URLs processed: 56
19:56:42: Thread-3 try handle the b'56'
19:56:42: URLs processed: 57
19:56:42: Thread-2 try handle the b'57'
19:56:42: URLs processed: 58
19:56:42: Thread-1 try handle the b'58'
19:56:42: URLs processed: 59
19:56:42: Thread-3 try handle the b'59'
19:56:42: URLs processed: 60
19:56:42: Thread-2 try handle the b'60'
19:56:42: URLs processed: 61
19:56:42: Thread-1 try handle the b'61'
19:56:42: URLs processed: 62
19:56:42: Thread-3 try handle the b'62'
19:56:42: URLs processed: 63
19:56:42: Thread-2 try handle the b'63'
19:56:42: URLs processed: 64
19:56:42: Thread-1 try handle the b'64'
19:56:42: URLs processed: 65
19:56:42: Thread-3 try handle the b'65'
19:56:42: URLs processed: 66
19:56:42: Thread-2 try handle the b'66'
19:56:42: URLs processed: 67
19:56:42: Thread-1 try handle the b'67'
19:56:42: URLs processed: 68
19:56:42: Thread-3 try handle the b'68'
19:56:42: URLs processed: 69
19:56:42: Thread-2 try handle the b'69'
19:56:42: URLs processed: 70
19:56:42: Thread-1 try handle the b'70'
19:56:42: URLs processed: 71
19:56:42: Thread-3 try handle the b'71'
19:56:42: URLs processed: 72
19:56:42: Thread-2 try handle the b'72'
19:56:42: URLs processed: 73
19:56:42: Thread-1 try handle the b'73'
19:56:42: URLs processed: 74
19:56:42: Thread-3 try handle the b'74'
19:56:42: URLs processed: 75
19:56:42: Thread-2 try handle the b'75'
19:56:42: URLs processed: 76
19:56:42: Thread-1 try handle the b'76'
19:56:42: URLs processed: 77
19:56:42: Thread-3 try handle the b'77'
19:56:42: URLs processed: 78
19:56:42: Thread-2 try handle the b'78'
19:56:42: URLs processed: 79
19:56:42: Thread-1 try handle the b'79'
19:56:42: URLs processed: 80
19:56:42: Thread-3 try handle the b'80'
19:56:42: URLs processed: 81
19:56:42: Thread-2 try handle the b'81'
19:56:42: URLs processed: 82
19:56:42: Thread-1 try handle the b'82'
19:56:42: URLs processed: 83
19:56:42: Thread-3 try handle the b'83'
19:56:42: URLs processed: 84
19:56:42: Thread-2 try handle the b'84'
19:56:42: URLs processed: 85
19:56:42: Thread-1 try handle the b'85'
19:56:42: URLs processed: 86
19:56:42: Thread-3 try handle the b'86'
19:56:42: URLs processed: 87
19:56:42: Thread-2 try handle the b'87'
19:56:42: URLs processed: 88
19:56:42: Thread-1 try handle the b'88'
19:56:42: URLs processed: 89
19:56:42: Thread-3 try handle the b'89'
19:56:42: URLs processed: 90
19:56:42: Thread-2 try handle the b'90'
19:56:42: URLs processed: 91
19:56:42: Thread-1 try handle the b'91'
19:56:42: URLs processed: 92
19:56:42: Thread-3 try handle the b'92'
19:56:42: URLs processed: 93
19:56:42: Thread-2 try handle the b'93'
19:56:42: URLs processed: 94
19:56:42: Thread-2 try handle the b'96'
19:56:42: URLs processed: 95
19:56:42: Thread-2 try handle the b'97'
19:56:42: URLs processed: 96
19:56:42: Thread-2 try handle the b'98'
19:56:42: URLs processed: 97
19:56:42: Thread-2 try handle the b'99'
19:56:42: URLs processed: 98
19:56:42: Thread-1 try handle the b'94'
19:56:42: URLs processed: 99
19:56:42: Thread-3 try handle the b'95'
19:56:42: URLs processed: 100
19:56:42: Client connected fake_ip:fake_port in MainThread
19:56:42: MainThread start read socket
19:56:42: MainThread catch <generator object TestServer.test_read_request.<locals>.fake_recv at 0x10a87ef80>
19:56:42: Client connected fake_ip:fake_port in MainThread
19:56:42: MainThread start read socket
19:56:42: 
